
--------------------------------------------------
TXLib предупреждает:

Программа: C:\Users\Alex\Documents\GitHub\SquareSolver\1.exe,

ВНЕЗАПНО: Недопустимая операция с плавающей точкой.

#1: Исключение EXCEPTION_FLT_INVALID_OPERATION (0xC0000090) при выполнении кода по адресу 0x0042BEE6 в функции solve() в файле C:/Users/Alex/Documents/GitHub/SquareSolver/1.cpp на строке 71 в модуле C:\Users\Alex\Documents\GitHub\SquareSolver\1.exe. Спасибо _txVectoredExceptionHandler(), что сообщил. Люблю его <3

#1: TXLib [Ver: 00173a, Rev: 172, Date: 2023-08-12 11:12:24 +0400], Instance: 0x005052FC (32-bit), Flags: Cmdre0, Thread: 0x197C (Main). 

--------------------------------------------------
Стек вызовов:

# 0 0x0042BEE6 in C:\Users\Alex\Documents\GitHub\SquareSolver\1.exe: solve() at C:/Users/Alex/Documents/GitHub/SquareSolver/1.cpp (71):

     69:         else
     70:         {
=>   71:             *ans1_address = (float) (- c) / b;
     72:             *ans1_address = check_that_number_is_zero(*ans1_address);
     73:             *nomber_of_roots = 1;

# 1 0x0042BD49 in C:\Users\Alex\Documents\GitHub\SquareSolver\1.exe: main() at C:/Users/Alex/Documents/GitHub/SquareSolver/1.cpp (31):

     29:     int nomber_of_roots = NAN;
     30: 
=>   31:     solve(a,b,c, &ans1, &ans2, &nomber_of_roots);   //решение
     32: 
     33:     print_answer(nomber_of_roots, ans1, ans2);   //вывод ответа

--------------------------------------------------
Developed with:

The Dumb Artist Library (TX Library)
TXLib [Ver: 00173a, Rev: 172, Date: 2023-08-12 11:12:24 +0400]
Copyright (C) Ded (Ilya Dedinsky, http://txlib.ru) <mail@txlib.ru>
See license on: http://txlib.ru

TXLib file:	c:\users\alex\mipt\programming\codeblocks\codeblocks\mingw\include\txlib.h
Compiled:	Aug 22 2023 19:11:42, GNU g++ 4.8.1, std=201103L, MinGW Runtime 3.20, 32-bit, DEBUG
Started:	Aug 22 2023 19:11:47

Run file:	C:\Users\Alex\Documents\GitHub\SquareSolver\1.exe
Directory:	C:\Users\Alex\Documents\GitHub\SquareSolver

--------------------------------------------------

--------------------------------------------------
TXLib соболезнует...

Программа: C:\Users\Alex\Documents\GitHub\SquareSolver\1.exe,

ВНЕЗАПНО: signal (8, 0x00): SIGFPE: Грубая ошибка в вычислениях. 

Недопустимая операция с плавающей точкой.

#1: Исключение EXCEPTION_FLT_INVALID_OPERATION (0xC0000090) при выполнении кода по адресу 0x0042BEE6 в функции solve() в файле C:/Users/Alex/Documents/GitHub/SquareSolver/1.cpp на строке 71 в модуле C:\Users\Alex\Documents\GitHub\SquareSolver\1.exe. Спасибо _txVectoredExceptionHandler(), что сообщил. Люблю его <3

С помощью функции signal() вы можете сами обработать эту ошибку.

#2: TXLib [Ver: 00173a, Rev: 172, Date: 2023-08-12 11:12:24 +0400], Instance: 0x005052FC (32-bit), Flags: Cmdre0, Thread: 0x197C (Main). 

--------------------------------------------------
Стек вызовов:

# 0 0x0042BEE6 in C:\Users\Alex\Documents\GitHub\SquareSolver\1.exe: solve() at C:/Users/Alex/Documents/GitHub/SquareSolver/1.cpp (71):

     69:         else
     70:         {
=>   71:             *ans1_address = (float) (- c) / b;
     72:             *ans1_address = check_that_number_is_zero(*ans1_address);
     73:             *nomber_of_roots = 1;

# 1 0x0042BD49 in C:\Users\Alex\Documents\GitHub\SquareSolver\1.exe: main() at C:/Users/Alex/Documents/GitHub/SquareSolver/1.cpp (31):

     29:     int nomber_of_roots = NAN;
     30: 
=>   31:     solve(a,b,c, &ans1, &ans2, &nomber_of_roots);   //решение
     32: 
     33:     print_answer(nomber_of_roots, ans1, ans2);   //вывод ответа

--------------------------------------------------
Developed with:

The Dumb Artist Library (TX Library)
TXLib [Ver: 00173a, Rev: 172, Date: 2023-08-12 11:12:24 +0400]
Copyright (C) Ded (Ilya Dedinsky, http://txlib.ru) <mail@txlib.ru>
See license on: http://txlib.ru

TXLib file:	c:\users\alex\mipt\programming\codeblocks\codeblocks\mingw\include\txlib.h
Compiled:	Aug 22 2023 19:11:42, GNU g++ 4.8.1, std=201103L, MinGW Runtime 3.20, 32-bit, DEBUG
Started:	Aug 22 2023 19:11:47

Run file:	C:\Users\Alex\Documents\GitHub\SquareSolver\1.exe
Directory:	C:\Users\Alex\Documents\GitHub\SquareSolver

--------------------------------------------------

--------------------------------------------------
TXLib предупреждает:

Программа: C:\Users\Alex\Documents\GitHub\SquareSolver\1.exe,

ВНЕЗАПНО: Недопустимая операция с плавающей точкой.

#1: Исключение EXCEPTION_FLT_INVALID_OPERATION (0xC0000090) при выполнении кода по адресу 0x0042BEE6 в функции solve() в файле C:/Users/Alex/Documents/GitHub/SquareSolver/1.cpp на строке 71 в модуле C:\Users\Alex\Documents\GitHub\SquareSolver\1.exe. Спасибо _txVectoredExceptionHandler(), что сообщил. Люблю его <3

#1: TXLib [Ver: 00173a, Rev: 172, Date: 2023-08-12 11:12:24 +0400], Instance: 0x005052FC (32-bit), Flags: Cmdre0, Thread: 0xE74 (Main). 

--------------------------------------------------
Стек вызовов:

# 0 0x0042BEE6 in C:\Users\Alex\Documents\GitHub\SquareSolver\1.exe: solve() at C:/Users/Alex/Documents/GitHub/SquareSolver/1.cpp (71):

     69:         else
     70:         {
=>   71:             *ans1_address = (float) (- c) / b;
     72:             *ans1_address = check_that_number_is_zero(*ans1_address);
     73:             *nomber_of_roots = 1;

# 1 0x0042BD49 in C:\Users\Alex\Documents\GitHub\SquareSolver\1.exe: main() at C:/Users/Alex/Documents/GitHub/SquareSolver/1.cpp (31):

     29:     int nomber_of_roots = NAN;
     30: 
=>   31:     solve(a,b,c, &ans1, &ans2, &nomber_of_roots);   //решение
     32: 
     33:     print_answer(nomber_of_roots, ans1, ans2);   //вывод ответа

--------------------------------------------------
Developed with:

The Dumb Artist Library (TX Library)
TXLib [Ver: 00173a, Rev: 172, Date: 2023-08-12 11:12:24 +0400]
Copyright (C) Ded (Ilya Dedinsky, http://txlib.ru) <mail@txlib.ru>
See license on: http://txlib.ru

TXLib file:	c:\users\alex\mipt\programming\codeblocks\codeblocks\mingw\include\txlib.h
Compiled:	Aug 22 2023 19:11:42, GNU g++ 4.8.1, std=201103L, MinGW Runtime 3.20, 32-bit, DEBUG
Started:	Aug 22 2023 19:12:10

Run file:	C:\Users\Alex\Documents\GitHub\SquareSolver\1.exe
Directory:	C:\Users\Alex\Documents\GitHub\SquareSolver

--------------------------------------------------

--------------------------------------------------
TXLib соболезнует...

Программа: C:\Users\Alex\Documents\GitHub\SquareSolver\1.exe,

ВНЕЗАПНО: signal (8, 0x00): SIGFPE: Грубая ошибка в вычислениях. 

Недопустимая операция с плавающей точкой.

#1: Исключение EXCEPTION_FLT_INVALID_OPERATION (0xC0000090) при выполнении кода по адресу 0x0042BEE6 в функции solve() в файле C:/Users/Alex/Documents/GitHub/SquareSolver/1.cpp на строке 71 в модуле C:\Users\Alex\Documents\GitHub\SquareSolver\1.exe. Спасибо _txVectoredExceptionHandler(), что сообщил. Люблю его <3

С помощью функции signal() вы можете сами обработать эту ошибку.

#2: TXLib [Ver: 00173a, Rev: 172, Date: 2023-08-12 11:12:24 +0400], Instance: 0x005052FC (32-bit), Flags: Cmdre0, Thread: 0xE74 (Main). 

--------------------------------------------------
Стек вызовов:

# 0 0x0042BEE6 in C:\Users\Alex\Documents\GitHub\SquareSolver\1.exe: solve() at C:/Users/Alex/Documents/GitHub/SquareSolver/1.cpp (71):

     69:         else
     70:         {
=>   71:             *ans1_address = (float) (- c) / b;
     72:             *ans1_address = check_that_number_is_zero(*ans1_address);
     73:             *nomber_of_roots = 1;

# 1 0x0042BD49 in C:\Users\Alex\Documents\GitHub\SquareSolver\1.exe: main() at C:/Users/Alex/Documents/GitHub/SquareSolver/1.cpp (31):

     29:     int nomber_of_roots = NAN;
     30: 
=>   31:     solve(a,b,c, &ans1, &ans2, &nomber_of_roots);   //решение
     32: 
     33:     print_answer(nomber_of_roots, ans1, ans2);   //вывод ответа

--------------------------------------------------
Developed with:

The Dumb Artist Library (TX Library)
TXLib [Ver: 00173a, Rev: 172, Date: 2023-08-12 11:12:24 +0400]
Copyright (C) Ded (Ilya Dedinsky, http://txlib.ru) <mail@txlib.ru>
See license on: http://txlib.ru

TXLib file:	c:\users\alex\mipt\programming\codeblocks\codeblocks\mingw\include\txlib.h
Compiled:	Aug 22 2023 19:11:42, GNU g++ 4.8.1, std=201103L, MinGW Runtime 3.20, 32-bit, DEBUG
Started:	Aug 22 2023 19:12:10

Run file:	C:\Users\Alex\Documents\GitHub\SquareSolver\1.exe
Directory:	C:\Users\Alex\Documents\GitHub\SquareSolver

--------------------------------------------------

--------------------------------------------------
TXLib предупреждает:

Программа: C:\Users\Alex\Documents\GitHub\SquareSolver\1.exe,

ВНЕЗАПНО: Недопустимая операция с плавающей точкой.

#1: Исключение EXCEPTION_FLT_INVALID_OPERATION (0xC0000090) при выполнении кода по адресу 0x0042BED4 в функции solve() в файле C:/Users/Alex/Documents/GitHub/SquareSolver/1.cpp на строке 71 в модуле C:\Users\Alex\Documents\GitHub\SquareSolver\1.exe. Спасибо _txVectoredExceptionHandler(), что сообщил. Люблю его <3

#1: TXLib [Ver: 00173a, Rev: 172, Date: 2023-08-12 11:12:24 +0400], Instance: 0x005052FC (32-bit), Flags: Cmdre0, Thread: 0x1668 (Main). 

--------------------------------------------------
Стек вызовов:

# 0 0x0042BED4 in C:\Users\Alex\Documents\GitHub\SquareSolver\1.exe: solve() at C:/Users/Alex/Documents/GitHub/SquareSolver/1.cpp (71):

     69:         else
     70:         {
=>   71:             *ans1_address = (float) (- c) / b;
     72:             *ans1_address = check_that_number_is_zero(*ans1_address);
     73:             *nomber_of_roots = 1;

# 1 0x0042BD49 in C:\Users\Alex\Documents\GitHub\SquareSolver\1.exe: main() at C:/Users/Alex/Documents/GitHub/SquareSolver/1.cpp (31):

     29:     int nomber_of_roots = NAN;
     30: 
=>   31:     solve(a,b,c, &ans1, &ans2, &nomber_of_roots);   //решение
     32: 
     33:     print_answer(nomber_of_roots, ans1, ans2);   //вывод ответа

--------------------------------------------------
Developed with:

The Dumb Artist Library (TX Library)
TXLib [Ver: 00173a, Rev: 172, Date: 2023-08-12 11:12:24 +0400]
Copyright (C) Ded (Ilya Dedinsky, http://txlib.ru) <mail@txlib.ru>
See license on: http://txlib.ru

TXLib file:	c:\users\alex\mipt\programming\codeblocks\codeblocks\mingw\include\txlib.h
Compiled:	Aug 22 2023 19:12:47, GNU g++ 4.8.1, std=201103L, MinGW Runtime 3.20, 32-bit, DEBUG
Started:	Aug 22 2023 19:12:52

Run file:	C:\Users\Alex\Documents\GitHub\SquareSolver\1.exe
Directory:	C:\Users\Alex\Documents\GitHub\SquareSolver

--------------------------------------------------

--------------------------------------------------
TXLib соболезнует...

Программа: C:\Users\Alex\Documents\GitHub\SquareSolver\1.exe,

ВНЕЗАПНО: signal (8, 0x00): SIGFPE: Грубая ошибка в вычислениях. 

Недопустимая операция с плавающей точкой.

#1: Исключение EXCEPTION_FLT_INVALID_OPERATION (0xC0000090) при выполнении кода по адресу 0x0042BED4 в функции solve() в файле C:/Users/Alex/Documents/GitHub/SquareSolver/1.cpp на строке 71 в модуле C:\Users\Alex\Documents\GitHub\SquareSolver\1.exe. Спасибо _txVectoredExceptionHandler(), что сообщил. Люблю его <3

С помощью функции signal() вы можете сами обработать эту ошибку.

#2: TXLib [Ver: 00173a, Rev: 172, Date: 2023-08-12 11:12:24 +0400], Instance: 0x005052FC (32-bit), Flags: Cmdre0, Thread: 0x1668 (Main). 

--------------------------------------------------
Стек вызовов:

# 0 0x0042BED4 in C:\Users\Alex\Documents\GitHub\SquareSolver\1.exe: solve() at C:/Users/Alex/Documents/GitHub/SquareSolver/1.cpp (71):

     69:         else
     70:         {
=>   71:             *ans1_address = (float) (- c) / b;
     72:             *ans1_address = check_that_number_is_zero(*ans1_address);
     73:             *nomber_of_roots = 1;

# 1 0x0042BD49 in C:\Users\Alex\Documents\GitHub\SquareSolver\1.exe: main() at C:/Users/Alex/Documents/GitHub/SquareSolver/1.cpp (31):

     29:     int nomber_of_roots = NAN;
     30: 
=>   31:     solve(a,b,c, &ans1, &ans2, &nomber_of_roots);   //решение
     32: 
     33:     print_answer(nomber_of_roots, ans1, ans2);   //вывод ответа

--------------------------------------------------
Developed with:

The Dumb Artist Library (TX Library)
TXLib [Ver: 00173a, Rev: 172, Date: 2023-08-12 11:12:24 +0400]
Copyright (C) Ded (Ilya Dedinsky, http://txlib.ru) <mail@txlib.ru>
See license on: http://txlib.ru

TXLib file:	c:\users\alex\mipt\programming\codeblocks\codeblocks\mingw\include\txlib.h
Compiled:	Aug 22 2023 19:12:47, GNU g++ 4.8.1, std=201103L, MinGW Runtime 3.20, 32-bit, DEBUG
Started:	Aug 22 2023 19:12:52

Run file:	C:\Users\Alex\Documents\GitHub\SquareSolver\1.exe
Directory:	C:\Users\Alex\Documents\GitHub\SquareSolver

--------------------------------------------------
